#
# There is insufficient memory for the Java Runtime Environment to continue.
# Native memory allocation (mmap) failed to map 532676608 bytes for G1 virtual space
# Possible reasons:
#   The system is out of physical RAM or swap space
#   The process is running with CompressedOops enabled, and the Java Heap may be blocking the growth of the native heap
# Possible solutions:
#   Reduce memory load on the system
#   Increase physical memory or swap space
#   Check if swap backing store is full
#   Decrease Java heap size (-Xmx/-Xms)
#   Decrease number of Java threads
#   Decrease Java thread stack sizes (-Xss)
#   Set larger code cache with -XX:ReservedCodeCacheSize=
#   JVM is running with Zero Based Compressed Oops mode in which the Java heap is
#     placed in the first 32GB address space. The Java Heap base address is the
#     maximum limit for the native heap growth. Please use -XX:HeapBaseMinAddress
#     to set the Java Heap base and to place the Java Heap above 32GB virtual address.
# This output file may be truncated or incomplete.
#
#  Out of Memory Error (os_windows.cpp:3541), pid=16224, tid=13660
#
# JRE version:  (17.0.4.1+1) (build )
# Java VM: OpenJDK 64-Bit Server VM (17.0.4.1+1-LTS, mixed mode, sharing, tiered, compressed oops, compressed class ptrs, g1 gc, windows-amd64)
# No core dump will be written. Minidumps are not enabled by default on client versions of Windows
#

---------------  S U M M A R Y ------------

Command Line: -XX:+ShowCodeDetailsInExceptionMessages Container.Program

Host: Intel(R) Xeon(R) W-2223 CPU @ 3.60GHz, 8 cores, 31G,  Windows 10 , 64 bit Build 19041 (10.0.19041.2251)
Time: Tue Nov 29 13:55:15 2022  Windows 10 , 64 bit Build 19041 (10.0.19041.2251) elapsed time: 0.012189 seconds (0d 0h 0m 0s)

---------------  T H R E A D  ---------------

Current thread (0x000001e551510600):  JavaThread "Unknown thread" [_thread_in_vm, id=13660, stack(0x0000000c46300000,0x0000000c46400000)]

Stack: [0x0000000c46300000,0x0000000c46400000]
Native frames: (J=compiled Java code, j=interpreted, Vv=VM code, C=native code)
V  [jvm.dll+0x67861a]
V  [jvm.dll+0x833d74]
V  [jvm.dll+0x83551e]
V  [jvm.dll+0x835b83]
V  [jvm.dll+0x245af5]
V  [jvm.dll+0x675539]
V  [jvm.dll+0x669db2]
V  [jvm.dll+0x3049eb]
V  [jvm.dll+0x30bef6]
V  [jvm.dll+0x35be5e]
V  [jvm.dll+0x35c08f]
V  [jvm.dll+0x2db8f8]
V  [jvm.dll+0x2dc864]
V  [jvm.dll+0x8054b1]
V  [jvm.dll+0x369cb1]
V  [jvm.dll+0x7e47dc]
V  [jvm.dll+0x3ecaaf]
V  [jvm.dll+0x3ee631]
C  [jli.dll+0x527b]
C  [ucrtbase.dll+0x21bb2]
C  [KERNEL32.DLL+0x174b4]
C  [ntdll.dll+0x526a1]


---------------  P R O C E S S  ---------------

Threads class SMR info:
_java_thread_list=0x00007ffa89fdae98, length=0, elements={
}

Java Threads: ( => current thread )

Other Threads:
  0x000001e5515ba5a0 GCTaskThread "GC Thread#0" [stack: 0x0000000c46400000,0x0000000c46500000] [id=7088]
  0x000001e5515cc1d0 ConcurrentGCThread "G1 Main Marker" [stack: 0x0000000c46500000,0x0000000c46600000] [id=6572]
  0x000001e5515ceb10 ConcurrentGCThread "G1 Conc#0" [stack: 0x0000000c46600000,0x0000000c46700000] [id=11580]

[error occurred during error reporting (printing all threads), id 0xc0000005, EXCEPTION_ACCESS_VIOLATION (0xc0000005) at pc=0x00007ffa8979c337]

VM state: not at safepoint (not fully initialized)

VM Mutex/Monitor currently owned by a thread:  ([mutex/lock_event])
[0x000001e551509e90] Heap_lock - owner thread: 0x000001e551510600

Heap address: 0x0000000604400000, size: 8124 MB, Compressed Oops mode: Zero based, Oop shift amount: 3

CDS archive(s) mapped at: [0x0000000000000000-0x0000000000000000-0x0000000000000000), size 0, SharedBaseAddress: 0x0000000800000000, ArchiveRelocationMode: 0.
Narrow klass base: 0x0000000000000000, Narrow klass shift: 0, Narrow klass range: 0x0

GC Precious Log:
<Empty>

Heap:
 garbage-first heap   total 0K, used 0K [0x0000000604400000, 0x0000000800000000)
  region size 4096K, 0 young (0K), 0 survivors (0K)

[error occurred during error reporting (printing heap information), id 0xc0000005, EXCEPTION_ACCESS_VIOLATION (0xc0000005) at pc=0x00007ffa89b81aa9]

GC Heap History (0 events):
No events

Deoptimization events (0 events):
No events

Classes unloaded (0 events):
No events

Classes redefined (0 events):
No events

Internal exceptions (0 events):
No events

VM Operations (0 events):
No events

Events (1 events):
Event: 0.007 Loaded shared library C:\Program Files\Microsoft\jdk-17.0.4.101-hotspot\bin\java.dll


Dynamic libraries:
0x00007ff6cffe0000 - 0x00007ff6cffee000 	C:\Program Files\Microsoft\jdk-17.0.4.101-hotspot\bin\java.exe
0x00007ffb07890000 - 0x00007ffb07a88000 	C:\WINDOWS\SYSTEM32\ntdll.dll
0x00007ffb070c0000 - 0x00007ffb0717f000 	C:\WINDOWS\System32\KERNEL32.DLL
0x00007ffb05330000 - 0x00007ffb05602000 	C:\WINDOWS\System32\KERNELBASE.dll
0x00007ffb05680000 - 0x00007ffb05780000 	C:\WINDOWS\System32\ucrtbase.dll
0x00007ffac4da0000 - 0x00007ffac4dbb000 	C:\Program Files\Microsoft\jdk-17.0.4.101-hotspot\bin\VCRUNTIME140.dll
0x00007ffac49b0000 - 0x00007ffac49c8000 	C:\Program Files\Microsoft\jdk-17.0.4.101-hotspot\bin\jli.dll
0x00007ffb071a0000 - 0x00007ffb0733d000 	C:\WINDOWS\System32\USER32.dll
0x00007ffb05020000 - 0x00007ffb05042000 	C:\WINDOWS\System32\win32u.dll
0x00007ffb068b0000 - 0x00007ffb068db000 	C:\WINDOWS\System32\GDI32.dll
0x00007ffafb690000 - 0x00007ffafb92a000 	C:\WINDOWS\WinSxS\amd64_microsoft.windows.common-controls_6595b64144ccf1df_6.0.19041.1110_none_60b5254171f9507e\COMCTL32.dll
0x00007ffb05050000 - 0x00007ffb0515f000 	C:\WINDOWS\System32\gdi32full.dll
0x00007ffb05e00000 - 0x00007ffb05e9e000 	C:\WINDOWS\System32\msvcrt.dll
0x00007ffb05160000 - 0x00007ffb051fd000 	C:\WINDOWS\System32\msvcp_win.dll
0x00007ffb06050000 - 0x00007ffb06082000 	C:\WINDOWS\System32\IMM32.DLL
0x00007ffae2aa0000 - 0x00007ffae2aac000 	C:\Program Files\Microsoft\jdk-17.0.4.101-hotspot\bin\vcruntime140_1.dll
0x00007ffac23f0000 - 0x00007ffac247d000 	C:\Program Files\Microsoft\jdk-17.0.4.101-hotspot\bin\msvcp140.dll
0x00007ffa894b0000 - 0x00007ffa8a10c000 	C:\Program Files\Microsoft\jdk-17.0.4.101-hotspot\bin\server\jvm.dll
0x00007ffb06630000 - 0x00007ffb066de000 	C:\WINDOWS\System32\ADVAPI32.dll
0x00007ffb07470000 - 0x00007ffb0750c000 	C:\WINDOWS\System32\sechost.dll
0x00007ffb06700000 - 0x00007ffb06825000 	C:\WINDOWS\System32\RPCRT4.dll
0x00007ffb066f0000 - 0x00007ffb066f8000 	C:\WINDOWS\System32\PSAPI.DLL
0x00007ffafb440000 - 0x00007ffafb467000 	C:\WINDOWS\SYSTEM32\WINMM.dll
0x00007ffaffc20000 - 0x00007ffaffc2a000 	C:\WINDOWS\SYSTEM32\VERSION.dll
0x00007ffaf6f30000 - 0x00007ffaf6f39000 	C:\WINDOWS\SYSTEM32\WSOCK32.dll
0x00007ffb07660000 - 0x00007ffb076cb000 	C:\WINDOWS\System32\WS2_32.dll
0x00007ffb02e70000 - 0x00007ffb02e82000 	C:\WINDOWS\SYSTEM32\kernel.appcore.dll
0x00007ffadc8a0000 - 0x00007ffadc8aa000 	C:\Program Files\Microsoft\jdk-17.0.4.101-hotspot\bin\jimage.dll
0x00007ffaff310000 - 0x00007ffaff4f4000 	C:\WINDOWS\SYSTEM32\DBGHELP.DLL
0x00007ffaff1c0000 - 0x00007ffaff1ec000 	C:\WINDOWS\SYSTEM32\dbgcore.DLL
0x00007ffb04f90000 - 0x00007ffb05012000 	C:\WINDOWS\System32\bcryptPrimitives.dll
0x00007ffac23c0000 - 0x00007ffac23e5000 	C:\Program Files\Microsoft\jdk-17.0.4.101-hotspot\bin\java.dll

dbghelp: loaded successfully - version: 4.0.5 - missing functions: none
symbol engine: initialized successfully - sym options: 0x614 - pdb path: .;C:\Program Files\Microsoft\jdk-17.0.4.101-hotspot\bin;C:\WINDOWS\SYSTEM32;C:\WINDOWS\WinSxS\amd64_microsoft.windows.common-controls_6595b64144ccf1df_6.0.19041.1110_none_60b5254171f9507e;C:\Program Files\Microsoft\jdk-17.0.4.101-hotspot\bin\server

VM Arguments:
jvm_args: -XX:+ShowCodeDetailsInExceptionMessages 
java_command: Container.Program
java_class_path (initial): C:\Users\PC15\AppData\Roaming\Code\User\workspaceStorage\742baee1d4db6ab089337d49b2915de2\redhat.java\jdt_ws\TIL_c6d1ad71\bin
Launcher Type: SUN_STANDARD

[Global flags]
     intx CICompilerCount                          = 4                                         {product} {ergonomic}
     uint ConcGCThreads                            = 2                                         {product} {ergonomic}
     uint G1ConcRefinementThreads                  = 8                                         {product} {ergonomic}
   size_t G1HeapRegionSize                         = 4194304                                   {product} {ergonomic}
    uintx GCDrainStackTargetSize                   = 64                                        {product} {ergonomic}
   size_t InitialHeapSize                          = 532676608                                 {product} {ergonomic}
   size_t MarkStackSize                            = 4194304                                   {product} {ergonomic}
   size_t MaxHeapSize                              = 8518631424                                {product} {ergonomic}
   size_t MinHeapDeltaBytes                        = 4194304                                   {product} {ergonomic}
   size_t MinHeapSize                              = 8388608                                   {product} {ergonomic}
    uintx NonNMethodCodeHeapSize                   = 5839372                                {pd product} {ergonomic}
    uintx NonProfiledCodeHeapSize                  = 122909434                              {pd product} {ergonomic}
    uintx ProfiledCodeHeapSize                     = 122909434                              {pd product} {ergonomic}
    uintx ReservedCodeCacheSize                    = 251658240                              {pd product} {ergonomic}
     bool SegmentedCodeCache                       = true                                      {product} {ergonomic}
     bool ShowCodeDetailsInExceptionMessages       = true                                   {manageable} {command line}
   size_t SoftMaxHeapSize                          = 8518631424                             {manageable} {ergonomic}
     bool UseCompressedClassPointers               = true                           {product lp64_product} {ergonomic}
     bool UseCompressedOops                        = true                           {product lp64_product} {ergonomic}
     bool UseG1GC                                  = true                                      {product} {ergonomic}
     bool UseLargePagesIndividualAllocation        = false                                  {pd product} {ergonomic}

Logging:
Log output configuration:
 #0: stdout all=warning uptime,level,tags
 #1: stderr all=off uptime,level,tags

Environment Variables:
JAVA_HOME=C:\Program Files\Microsoft\jdk-17.0.4.101-hotspot\
PATH=C:\app\PC15\product\18.0.0\dbhomeXE\bin;C:\Program Files\Common Files\Oracle\Java\javapath;C:\Program Files\NVIDIA GPU Computing Toolkit\CUDA\v11.2\bin;C:\Program Files\NVIDIA GPU Computing Toolkit\CUDA\v11.2\libnvvp;C:\Program Files\Microsoft\jdk-17.0.4.101-hotspot\bin;C:\windows\system32;C:\windows;C:\windows\System32\Wbem;C:\windows\System32\WindowsPowerShell\v1.0\;C:\windows\System32\OpenSSH\;C:\Program Files (x86)\NVIDIA Corporation\PhysX\Common;c:\Program Files (x86)\HP\HP Performance Advisor;C:\WINDOWS\system32;C:\WINDOWS;C:\WINDOWS\System32\Wbem;C:\WINDOWS\System32\WindowsPowerShell\v1.0\;C:\WINDOWS\System32\OpenSSH\;C:\Program Files\Git\cmd;C:\Program Files\Bandizip\;C:\Program Files\NVIDIA Corporation\Nsight Compute 2020.3.1\;C:\Program Files\NVIDIA GPU Computing Toolkit\CUDA\v11.2\include;C:\Users\PC15\AppData\Local\Microsoft\WindowsApps;C:\Users\PC15\AppData\Local\Programs\Microsoft VS Code\bin;C:\Users\PC15\AppData\Local\GitHubDesktop\bin;C:\Program Files (x86)\ESTsoft\ALSee\x64
USERNAME=PC15
LANG=ko_KR.UTF-8
OS=Windows_NT
PROCESSOR_IDENTIFIER=Intel64 Family 6 Model 85 Stepping 7, GenuineIntel
TMP=C:\Users\PC15\AppData\Local\Temp
TEMP=C:\Users\PC15\AppData\Local\Temp



---------------  S Y S T E M  ---------------

OS:
 Windows 10 , 64 bit Build 19041 (10.0.19041.2251)
OS uptime: 18 days 12:21 hours

CPU: total 8 (initial active 8) (4 cores per cpu, 2 threads per core) family 6 model 85 stepping 7 microcode 0x5003103, cx8, cmov, fxsr, ht, mmx, 3dnowpref, sse, sse2, sse3, ssse3, sse4.1, sse4.2, popcnt, lzcnt, tsc, tscinvbit, avx, avx2, aes, erms, clmul, bmi1, bmi2, adx, avx512f, avx512dq, avx512cd, avx512bw, avx512vl, fma, vzeroupper, avx512_vnni, clflush, clflushopt, clwb

Memory: 4k page, system-wide physical 32495M (19193M free)
TotalPageFile size 36457M (AvailPageFile size 268M)
current process WorkingSet (physical memory assigned to process): 10M, peak: 10M
current process commit charge ("private bytes"): 60M, peak: 568M

vm_info: OpenJDK 64-Bit Server VM (17.0.4.1+1-LTS) for windows-amd64 JRE (17.0.4.1+1-LTS), built on Aug 16 2022 23:12:43 by "" with MS VC++ 16.10 / 16.11 (VS2019)

END.
